+env
LIBRARY_PATH=/usr/local/cuda/lib64/stubs
KUBERNETES_SERVICE_PORT=443
no_proxy=localhost, 127.0.0.1
LD_LIBRARY_PATH=/usr/local/nvidia/lib:/usr/local/nvidia/lib64
PYTHON_PIP_VERSION=19.1.1
NO_PROXY=localhost, 127.0.0.1
TINI_SUBREAPER=
CUDA_VERSION=10.1.168
NVIDIA_REQUIRE_CUDA=cuda>=10.1 brand=tesla,driver>=384,driver<385 brand=tesla,driver>=396,driver<397 brand=tesla,driver>=410,driver<411
NVIDIA_DRIVER_CAPABILITIES=compute,utility
PATH=/usr/local/bin:/usr/local/nvidia/bin:/usr/local/cuda/bin:/usr/local/sbin:/usr/local/bin:/usr/sbin:/usr/bin:/sbin:/bin
KUBERNETES_PORT_443_TCP_PORT=443
CUDA_PKG_VERSION=10-1=10.1.168-1
KUBERNETES_PORT_443_TCP_PROTO=tcp
LANG=C.UTF-8
CUDNN_VERSION=7.6.0.64
DEBIAN_FRONTEND=noninteractive
PYTHON_VERSION=3.6.8
PYTHON_GPG_KEY=0D96DF4D4110E5C43FBFB17F2D347EA6AA65421D
KUBERNETES_SERVICE_PORT_HTTPS=443
PWD=/home/user
TINI_VERSION=v0.18.0
NCCL_VERSION=2.4.8
+ uname -a
Linux online-distillation-bert-debug-worker-launcher 4.15.0-58-generic #64-Ubuntu SMP Tue Aug 6 11:12:41 UTC 2019 x86_64 x86_64 x86_64 GNU/Linux
+ lscpu
Architecture:        x86_64
CPU op-mode(s):      32-bit, 64-bit
Byte Order:          Little Endian
CPU(s):              36
On-line CPU(s) list: 0-35
Thread(s) per core:  1
Core(s) per socket:  18
Socket(s):           2
NUMA node(s):        2
Vendor ID:           GenuineIntel
CPU family:          6
Model:               85
Model name:          Intel(R) Xeon(R) Gold 6254 CPU @ 3.10GHz
Stepping:            7
CPU MHz:             1266.804
CPU max MHz:         3101.0000
CPU min MHz:         1200.0000
BogoMIPS:            6200.00
Virtualization:      VT-x
L1d cache:           32K
L1i cache:           32K
L2 cache:            1024K
L3 cache:            25344K
NUMA node0 CPU(s):   0-17
NUMA node1 CPU(s):   18-35
Flags:               fpu vme de pse tsc msr pae mce cx8 apic sep mtrr pge mca cmov pat pse36 clflush dts acpi mmx fxsr sse sse2 ss ht tm pbe syscall nx pdpe1gb rdtscp lm constant_tsc art arch_perfmon pebs bts rep_good nopl xtopology nonstop_tsc cpuid aperfmperf pni pclmulqdq dtes64 monitor ds_cpl vmx smx est tm2 ssse3 sdbg fma cx16 xtpr pdcm pcid dca sse4_1 sse4_2 x2apic movbe popcnt tsc_deadline_timer aes xsave avx f16c rdrand lahf_lm abm 3dnowprefetch cpuid_fault epb cat_l3 cdp_l3 invpcid_single intel_ppin ssbd mba ibrs ibpb stibp ibrs_enhanced tpr_shadow vnmi flexpriority ept vpid fsgsbase tsc_adjust bmi1 hle avx2 smep bmi2 erms invpcid rtm cqm mpx rdt_a avx512f avx512dq rdseed adx smap clflushopt clwb intel_pt avx512cd avx512bw avx512vl xsaveopt xsavec xgetbv1 xsaves cqm_llc cqm_occup_llc cqm_mbm_total cqm_mbm_local dtherm ida arat pln pts pku ospke avx512_vnni md_clear flush_l1d arch_capabilities
+ cat /proc/meminfo
MemTotal:       394888584 kB
MemFree:        318919360 kB
MemAvailable:   371962784 kB
Buffers:         8182452 kB
Cached:         39854704 kB
SwapCached:            0 kB
Active:         18160328 kB
Inactive:       34929604 kB
Active(anon):    3782752 kB
Inactive(anon):     2368 kB
Active(file):   14377576 kB
Inactive(file): 34927236 kB
Unevictable:           4 kB
Mlocked:               4 kB
SwapTotal:             0 kB
SwapFree:              0 kB
Dirty:               136 kB
Writeback:             0 kB
AnonPages:       4976352 kB
Mapped:           532524 kB
Shmem:              5724 kB
Slab:            8157052 kB
SReclaimable:    6340224 kB
SUnreclaim:      1816828 kB
KernelStack:       44256 kB
PageTables:        30636 kB
NFS_Unstable:          0 kB
Bounce:                0 kB
WritebackTmp:          0 kB
CommitLimit:    197444292 kB
Committed_AS:   19580512 kB
VmallocTotal:   34359738367 kB
VmallocUsed:           0 kB
VmallocChunk:          0 kB
HardwareCorrupted:     0 kB
AnonHugePages:         0 kB
ShmemHugePages:        0 kB
ShmemPmdMapped:        0 kB
CmaTotal:              0 kB
CmaFree:               0 kB
HugePages_Total:       0
HugePages_Free:        0
HugePages_Rsvd:        0
HugePages_Surp:        0
Hugepagesize:       2048 kB
DirectMap4k:    39296180 kB
DirectMap2M:    355670016 kB
DirectMap1G:     8388608 kB
+ inxi -F -c0
./collect_environment.sh: 14: ./collect_environment.sh: inxi: not found
+ lsblk -a
NAME    MAJ:MIN RM   SIZE RO TYPE MOUNTPOINT
loop0     7:0    0         0 loop 
loop1     7:1    0         0 loop 
loop2     7:2    0         0 loop 
loop3     7:3    0         0 loop 
loop4     7:4    0         0 loop 
loop5     7:5    0         0 loop 
loop6     7:6    0         0 loop 
loop7     7:7    0         0 loop 
sda       8:0    0 894.3G  0 disk 
├─sda1    8:1        512M  0 part 
└─sda2    8:2    0 893.8G  0 part 
nvme0n1 259:0    0   2.9T  0 disk /mnt/nvme0n1/scratch
+ lsscsi -s
./collect_environment.sh: 16: ./collect_environment.sh: lsscsi: not found
+ module list
./collect_environment.sh: 17: ./collect_environment.sh: module: not found
+ nvidia-smi
Tue Mar  3 00:53:32 2020       
+-----------------------------------------------------------------------------+
| NVIDIA-SMI 418.67       Driver Version: 418.67       CUDA Version: 10.1     |
|-------------------------------+----------------------+----------------------+
| GPU  Name        Persistence-M| Bus-Id        Disp.A | Volatile Uncorr. ECC |
| Fan  Temp  Perf  Pwr:Usage/Cap|         Memory-Usage | GPU-Util  Compute M. |
|===============================+======================+======================|
|   0  Tesla V100-SXM2...  On   | 00000000:1A:00.0 Off |                    0 |
| N/A   29C    P0    40W / 300W |     11MiB / 32480MiB |      0%      Default |
+-------------------------------+----------------------+----------------------+
|   1  Tesla V100-SXM2...  On   | 00000000:1B:00.0 Off |                    0 |
| N/A   32C    P0    40W / 300W |     11MiB / 32480MiB |      0%      Default |
+-------------------------------+----------------------+----------------------+
|   2  Tesla V100-SXM2...  On   | 00000000:3D:00.0 Off |                    0 |
| N/A   32C    P0    42W / 300W |     11MiB / 32480MiB |      0%      Default |
+-------------------------------+----------------------+----------------------+
|   3  Tesla V100-SXM2...  On   | 00000000:3E:00.0 Off |                    0 |
| N/A   28C    P0    40W / 300W |     11MiB / 32480MiB |      0%      Default |
+-------------------------------+----------------------+----------------------+
|   4  Tesla V100-SXM2...  On   | 00000000:88:00.0 Off |                    0 |
| N/A   30C    P0    42W / 300W |     11MiB / 32480MiB |      0%      Default |
+-------------------------------+----------------------+----------------------+
|   5  Tesla V100-SXM2...  On   | 00000000:89:00.0 Off |                    0 |
| N/A   32C    P0    43W / 300W |     11MiB / 32480MiB |      0%      Default |
+-------------------------------+----------------------+----------------------+
|   6  Tesla V100-SXM2...  On   | 00000000:B2:00.0 Off |                    0 |
| N/A   31C    P0    42W / 300W |     11MiB / 32480MiB |      0%      Default |
+-------------------------------+----------------------+----------------------+
|   7  Tesla V100-SXM2...  On   | 00000000:B3:00.0 Off |                    0 |
| N/A   28C    P0    41W / 300W |     11MiB / 32480MiB |      0%      Default |
+-------------------------------+----------------------+----------------------+
                                                                               
+-----------------------------------------------------------------------------+
| Processes:                                                       GPU Memory |
|  GPU       PID   Type   Process name                             Usage      |
|=============================================================================|
|  No running processes found                                                 |
+-----------------------------------------------------------------------------+
+ lshw+  -short -quiet -sanitize
cat
./collect_environment.sh: 19: ./collect_environment.sh: lshw: not found
+ lspci
00:00.0 Host bridge: Intel Corporation Sky Lake-E DMI3 Registers (rev 07)
00:04.0 System peripheral: Intel Corporation Sky Lake-E CBDMA Registers (rev 07)
00:04.1 System peripheral: Intel Corporation Sky Lake-E CBDMA Registers (rev 07)
00:04.2 System peripheral: Intel Corporation Sky Lake-E CBDMA Registers (rev 07)
00:04.3 System peripheral: Intel Corporation Sky Lake-E CBDMA Registers (rev 07)
00:04.4 System peripheral: Intel Corporation Sky Lake-E CBDMA Registers (rev 07)
00:04.5 System peripheral: Intel Corporation Sky Lake-E CBDMA Registers (rev 07)
00:04.6 System peripheral: Intel Corporation Sky Lake-E CBDMA Registers (rev 07)
00:04.7 System peripheral: Intel Corporation Sky Lake-E CBDMA Registers (rev 07)
00:05.0 System peripheral: Intel Corporation Sky Lake-E MM/Vt-d Configuration Registers (rev 07)
00:05.2 System peripheral: Intel Corporation Device 2025 (rev 07)
00:05.4 PIC: Intel Corporation Device 2026 (rev 07)
00:08.0 System peripheral: Intel Corporation Sky Lake-E Ubox Registers (rev 07)
00:08.1 Performance counters: Intel Corporation Sky Lake-E Ubox Registers (rev 07)
00:08.2 System peripheral: Intel Corporation Sky Lake-E Ubox Registers (rev 07)
00:11.0 Unassigned class [ff00]: Intel Corporation C620 Series Chipset Family MROM 0 (rev 09)
00:11.1 Unassigned class [ff00]: Intel Corporation C620 Series Chipset Family MROM 1 (rev 09)
00:14.0 USB controller: Intel Corporation C620 Series Chipset Family USB 3.0 xHCI Controller (rev 09)
00:14.2 Signal processing controller: Intel Corporation C620 Series Chipset Family Thermal Subsystem (rev 09)
00:16.0 Communication controller: Intel Corporation C620 Series Chipset Family MEI Controller #1 (rev 09)
00:16.1 Communication controller: Intel Corporation C620 Series Chipset Family MEI Controller #2 (rev 09)
00:16.4 Communication controller: Intel Corporation C620 Series Chipset Family MEI Controller #3 (rev 09)
00:17.0 SATA controller: Intel Corporation C620 Series Chipset Family SATA Controller [AHCI mode] (rev 09)
00:1c.0 PCI bridge: Intel Corporation C620 Series Chipset Family PCI Express Root Port #1 (rev f9)
00:1f.0 ISA bridge: Intel Corporation C621 Series Chipset LPC/eSPI Controller (rev 09)
00:1f.2 Memory controller: Intel Corporation C620 Series Chipset Family Power Management Controller (rev 09)
00:1f.4 SMBus: Intel Corporation C620 Series Chipset Family SMBus (rev 09)
00:1f.5 Serial bus controller [0c80]: Intel Corporation C620 Series Chipset Family SPI Controller (rev 09)
01:00.0 PCI bridge: ASPEED Technology, Inc. AST1150 PCI-to-PCI Bridge (rev 04)
02:00.0 VGA compatible controller: ASPEED Technology, Inc. ASPEED Graphics Family (rev 41)
17:00.0 PCI bridge: Intel Corporation Sky Lake-E PCI Express Root Port A (rev 07)
17:05.0 System peripheral: Intel Corporation Device 2034 (rev 07)
17:05.2 System peripheral: Intel Corporation Sky Lake-E RAS Configuration Registers (rev 07)
17:05.4 PIC: Intel Corporation Device 2036 (rev 07)
17:08.0 System peripheral: Intel Corporation Sky Lake-E CHA Registers (rev 07)
17:08.1 System peripheral: Intel Corporation Sky Lake-E CHA Registers (rev 07)
17:08.2 System peripheral: Intel Corporation Sky Lake-E CHA Registers (rev 07)
17:08.3 System peripheral: Intel Corporation Sky Lake-E CHA Registers (rev 07)
17:08.4 System peripheral: Intel Corporation Sky Lake-E CHA Registers (rev 07)
17:08.5 System peripheral: Intel Corporation Sky Lake-E CHA Registers (rev 07)
17:08.6 System peripheral: Intel Corporation Sky Lake-E CHA Registers (rev 07)
17:08.7 System peripheral: Intel Corporation Sky Lake-E CHA Registers (rev 07)
17:09.0 System peripheral: Intel Corporation Sky Lake-E CHA Registers (rev 07)
17:09.1 System peripheral: Intel Corporation Sky Lake-E CHA Registers (rev 07)
17:09.2 System peripheral: Intel Corporation Sky Lake-E CHA Registers (rev 07)
17:09.3 System peripheral: Intel Corporation Sky Lake-E CHA Registers (rev 07)
17:09.4 System peripheral: Intel Corporation Sky Lake-E CHA Registers (rev 07)
17:09.5 System peripheral: Intel Corporation Sky Lake-E CHA Registers (rev 07)
17:09.6 System peripheral: Intel Corporation Sky Lake-E CHA Registers (rev 07)
17:09.7 System peripheral: Intel Corporation Sky Lake-E CHA Registers (rev 07)
17:0a.0 System peripheral: Intel Corporation Sky Lake-E CHA Registers (rev 07)
17:0a.1 System peripheral: Intel Corporation Sky Lake-E CHA Registers (rev 07)
17:0a.2 System peripheral: Intel Corporation Sky Lake-E CHA Registers (rev 07)
17:0a.3 System peripheral: Intel Corporation Sky Lake-E CHA Registers (rev 07)
17:0a.4 System peripheral: Intel Corporation Sky Lake-E CHA Registers (rev 07)
17:0a.5 System peripheral: Intel Corporation Sky Lake-E CHA Registers (rev 07)
17:0a.6 System peripheral: Intel Corporation Sky Lake-E CHA Registers (rev 07)
17:0a.7 System peripheral: Intel Corporation Sky Lake-E CHA Registers (rev 07)
17:0b.0 System peripheral: Intel Corporation Sky Lake-E CHA Registers (rev 07)
17:0b.1 System peripheral: Intel Corporation Sky Lake-E CHA Registers (rev 07)
17:0b.2 System peripheral: Intel Corporation Sky Lake-E CHA Registers (rev 07)
17:0b.3 System peripheral: Intel Corporation Sky Lake-E CHA Registers (rev 07)
17:0e.0 System peripheral: Intel Corporation Sky Lake-E CHA Registers (rev 07)
17:0e.1 System peripheral: Intel Corporation Sky Lake-E CHA Registers (rev 07)
17:0e.2 System peripheral: Intel Corporation Sky Lake-E CHA Registers (rev 07)
17:0e.3 System peripheral: Intel Corporation Sky Lake-E CHA Registers (rev 07)
17:0e.4 System peripheral: Intel Corporation Sky Lake-E CHA Registers (rev 07)
17:0e.5 System peripheral: Intel Corporation Sky Lake-E CHA Registers (rev 07)
17:0e.6 System peripheral: Intel Corporation Sky Lake-E CHA Registers (rev 07)
17:0e.7 System peripheral: Intel Corporation Sky Lake-E CHA Registers (rev 07)
17:0f.0 System peripheral: Intel Corporation Sky Lake-E CHA Registers (rev 07)
17:0f.1 System peripheral: Intel Corporation Sky Lake-E CHA Registers (rev 07)
17:0f.2 System peripheral: Intel Corporation Sky Lake-E CHA Registers (rev 07)
17:0f.3 System peripheral: Intel Corporation Sky Lake-E CHA Registers (rev 07)
17:0f.4 System peripheral: Intel Corporation Sky Lake-E CHA Registers (rev 07)
17:0f.5 System peripheral: Intel Corporation Sky Lake-E CHA Registers (rev 07)
17:0f.6 System peripheral: Intel Corporation Sky Lake-E CHA Registers (rev 07)
17:0f.7 System peripheral: Intel Corporation Sky Lake-E CHA Registers (rev 07)
17:10.0 System peripheral: Intel Corporation Sky Lake-E CHA Registers (rev 07)
17:10.1 System peripheral: Intel Corporation Sky Lake-E CHA Registers (rev 07)
17:10.2 System peripheral: Intel Corporation Sky Lake-E CHA Registers (rev 07)
17:10.3 System peripheral: Intel Corporation Sky Lake-E CHA Registers (rev 07)
17:10.4 System peripheral: Intel Corporation Sky Lake-E CHA Registers (rev 07)
17:10.5 System peripheral: Intel Corporation Sky Lake-E CHA Registers (rev 07)
17:10.6 System peripheral: Intel Corporation Sky Lake-E CHA Registers (rev 07)
17:10.7 System peripheral: Intel Corporation Sky Lake-E CHA Registers (rev 07)
17:11.0 System peripheral: Intel Corporation Sky Lake-E CHA Registers (rev 07)
17:11.1 System peripheral: Intel Corporation Sky Lake-E CHA Registers (rev 07)
17:11.2 System peripheral: Intel Corporation Sky Lake-E CHA Registers (rev 07)
17:11.3 System peripheral: Intel Corporation Sky Lake-E CHA Registers (rev 07)
17:1d.0 System peripheral: Intel Corporation Sky Lake-E CHA Registers (rev 07)
17:1d.1 System peripheral: Intel Corporation Sky Lake-E CHA Registers (rev 07)
17:1d.2 System peripheral: Intel Corporation Sky Lake-E CHA Registers (rev 07)
17:1d.3 System peripheral: Intel Corporation Sky Lake-E CHA Registers (rev 07)
17:1e.0 System peripheral: Intel Corporation Sky Lake-E PCU Registers (rev 07)
17:1e.1 System peripheral: Intel Corporation Sky Lake-E PCU Registers (rev 07)
17:1e.2 System peripheral: Intel Corporation Sky Lake-E PCU Registers (rev 07)
17:1e.3 System peripheral: Intel Corporation Sky Lake-E PCU Registers (rev 07)
17:1e.4 System peripheral: Intel Corporation Sky Lake-E PCU Registers (rev 07)
17:1e.5 System peripheral: Intel Corporation Sky Lake-E PCU Registers (rev 07)
17:1e.6 System peripheral: Intel Corporation Sky Lake-E PCU Registers (rev 07)
18:00.0 PCI bridge: PLX Technology, Inc. Device 9765 (rev aa)
19:04.0 PCI bridge: PLX Technology, Inc. Device 9765 (rev aa)
19:08.0 PCI bridge: PLX Technology, Inc. Device 9765 (rev aa)
19:0c.0 PCI bridge: PLX Technology, Inc. Device 9765 (rev aa)
1a:00.0 3D controller: NVIDIA Corporation GV100GL [Tesla V100 SXM2 32GB] (rev a1)
1b:00.0 3D controller: NVIDIA Corporation GV100GL [Tesla V100 SXM2 32GB] (rev a1)
1c:00.0 Ethernet controller: Mellanox Technologies MT27700 Family [ConnectX-4]
1c:00.1 Ethernet controller: Mellanox Technologies MT27700 Family [ConnectX-4]
1c:00.2 Ethernet controller: Mellanox Technologies MT27700 Family [ConnectX-4 Virtual Function]
1c:00.3 Ethernet controller: Mellanox Technologies MT27700 Family [ConnectX-4 Virtual Function]
1c:00.4 Ethernet controller: Mellanox Technologies MT27700 Family [ConnectX-4 Virtual Function]
1c:00.5 Ethernet controller: Mellanox Technologies MT27700 Family [ConnectX-4 Virtual Function]
1c:00.6 Ethernet controller: Mellanox Technologies MT27700 Family [ConnectX-4 Virtual Function]
1c:00.7 Ethernet controller: Mellanox Technologies MT27700 Family [ConnectX-4 Virtual Function]
1c:01.0 Ethernet controller: Mellanox Technologies MT27700 Family [ConnectX-4 Virtual Function]
1c:01.1 Ethernet controller: Mellanox Technologies MT27700 Family [ConnectX-4 Virtual Function]
1c:01.2 Ethernet controller: Mellanox Technologies MT27700 Family [ConnectX-4 Virtual Function]
1c:01.3 Ethernet controller: Mellanox Technologies MT27700 Family [ConnectX-4 Virtual Function]
1c:01.4 Ethernet controller: Mellanox Technologies MT27700 Family [ConnectX-4 Virtual Function]
1c:01.5 Ethernet controller: Mellanox Technologies MT27700 Family [ConnectX-4 Virtual Function]
1c:01.6 Ethernet controller: Mellanox Technologies MT27700 Family [ConnectX-4 Virtual Function]
1c:01.7 Ethernet controller: Mellanox Technologies MT27700 Family [ConnectX-4 Virtual Function]
1c:02.0 Ethernet controller: Mellanox Technologies MT27700 Family [ConnectX-4 Virtual Function]
1c:02.1 Ethernet controller: Mellanox Technologies MT27700 Family [ConnectX-4 Virtual Function]
3a:00.0 PCI bridge: Intel Corporation Sky Lake-E PCI Express Root Port A (rev 07)
3a:05.0 System peripheral: Intel Corporation Device 2034 (rev 07)
3a:05.2 System peripheral: Intel Corporation Sky Lake-E RAS Configuration Registers (rev 07)
3a:05.4 PIC: Intel Corporation Device 2036 (rev 07)
3a:08.0 System peripheral: Intel Corporation Device 2066 (rev 07)
3a:09.0 System peripheral: Intel Corporation Device 2066 (rev 07)
3a:0a.0 System peripheral: Intel Corporation Device 2040 (rev 07)
3a:0a.1 System peripheral: Intel Corporation Device 2041 (rev 07)
3a:0a.2 System peripheral: Intel Corporation Device 2042 (rev 07)
3a:0a.3 System peripheral: Intel Corporation Device 2043 (rev 07)
3a:0a.4 System peripheral: Intel Corporation Device 2044 (rev 07)
3a:0a.5 System peripheral: Intel Corporation Device 2045 (rev 07)
3a:0a.6 System peripheral: Intel Corporation Device 2046 (rev 07)
3a:0a.7 System peripheral: Intel Corporation Device 2047 (rev 07)
3a:0b.0 System peripheral: Intel Corporation Device 2048 (rev 07)
3a:0b.1 System peripheral: Intel Corporation Device 2049 (rev 07)
3a:0b.2 System peripheral: Intel Corporation Device 204a (rev 07)
3a:0b.3 System peripheral: Intel Corporation Device 204b (rev 07)
3a:0c.0 System peripheral: Intel Corporation Device 2040 (rev 07)
3a:0c.1 System peripheral: Intel Corporation Device 2041 (rev 07)
3a:0c.2 System peripheral: Intel Corporation Device 2042 (rev 07)
3a:0c.3 System peripheral: Intel Corporation Device 2043 (rev 07)
3a:0c.4 System peripheral: Intel Corporation Device 2044 (rev 07)
3a:0c.5 System peripheral: Intel Corporation Device 2045 (rev 07)
3a:0c.6 System peripheral: Intel Corporation Device 2046 (rev 07)
3a:0c.7 System peripheral: Intel Corporation Device 2047 (rev 07)
3a:0d.0 System peripheral: Intel Corporation Device 2048 (rev 07)
3a:0d.1 System peripheral: Intel Corporation Device 2049 (rev 07)
3a:0d.2 System peripheral: Intel Corporation Device 204a (rev 07)
3a:0d.3 System peripheral: Intel Corporation Device 204b (rev 07)
3b:00.0 PCI bridge: PLX Technology, Inc. Device 9765 (rev aa)
3c:04.0 PCI bridge: PLX Technology, Inc. Device 9765 (rev aa)
3c:08.0 PCI bridge: PLX Technology, Inc. Device 9765 (rev aa)
3c:0c.0 PCI bridge: PLX Technology, Inc. Device 9765 (rev aa)
3d:00.0 3D controller: NVIDIA Corporation GV100GL [Tesla V100 SXM2 32GB] (rev a1)
3e:00.0 3D controller: NVIDIA Corporation GV100GL [Tesla V100 SXM2 32GB] (rev a1)
3f:00.0 Ethernet controller: Mellanox Technologies MT27700 Family [ConnectX-4]
3f:00.1 Ethernet controller: Mellanox Technologies MT27700 Family [ConnectX-4]
3f:00.2 Ethernet controller: Mellanox Technologies MT27700 Family [ConnectX-4 Virtual Function]
3f:00.3 Ethernet controller: Mellanox Technologies MT27700 Family [ConnectX-4 Virtual Function]
3f:00.4 Ethernet controller: Mellanox Technologies MT27700 Family [ConnectX-4 Virtual Function]
3f:00.5 Ethernet controller: Mellanox Technologies MT27700 Family [ConnectX-4 Virtual Function]
3f:00.6 Ethernet controller: Mellanox Technologies MT27700 Family [ConnectX-4 Virtual Function]
3f:00.7 Ethernet controller: Mellanox Technologies MT27700 Family [ConnectX-4 Virtual Function]
3f:01.0 Ethernet controller: Mellanox Technologies MT27700 Family [ConnectX-4 Virtual Function]
3f:01.1 Ethernet controller: Mellanox Technologies MT27700 Family [ConnectX-4 Virtual Function]
3f:01.2 Ethernet controller: Mellanox Technologies MT27700 Family [ConnectX-4 Virtual Function]
3f:01.3 Ethernet controller: Mellanox Technologies MT27700 Family [ConnectX-4 Virtual Function]
3f:01.4 Ethernet controller: Mellanox Technologies MT27700 Family [ConnectX-4 Virtual Function]
3f:01.5 Ethernet controller: Mellanox Technologies MT27700 Family [ConnectX-4 Virtual Function]
3f:01.6 Ethernet controller: Mellanox Technologies MT27700 Family [ConnectX-4 Virtual Function]
3f:01.7 Ethernet controller: Mellanox Technologies MT27700 Family [ConnectX-4 Virtual Function]
3f:02.0 Ethernet controller: Mellanox Technologies MT27700 Family [ConnectX-4 Virtual Function]
3f:02.1 Ethernet controller: Mellanox Technologies MT27700 Family [ConnectX-4 Virtual Function]
5d:00.0 PCI bridge: Intel Corporation Sky Lake-E PCI Express Root Port A (rev 07)
5d:05.0 System peripheral: Intel Corporation Device 2034 (rev 07)
5d:05.2 System peripheral: Intel Corporation Sky Lake-E RAS Configuration Registers (rev 07)
5d:05.4 PIC: Intel Corporation Device 2036 (rev 07)
5d:0e.0 Performance counters: Intel Corporation Device 2058 (rev 07)
5d:0e.1 System peripheral: Intel Corporation Device 2059 (rev 07)
5d:0f.0 Performance counters: Intel Corporation Device 2058 (rev 07)
5d:0f.1 System peripheral: Intel Corporation Device 2059 (rev 07)
5d:10.0 Performance counters: Intel Corporation Device 2058 (rev 07)
5d:10.1 System peripheral: Intel Corporation Device 2059 (rev 07)
5d:12.0 Performance counters: Intel Corporation Sky Lake-E M3KTI Registers (rev 07)
5d:12.1 Performance counters: Intel Corporation Sky Lake-E M3KTI Registers (rev 07)
5d:12.2 System peripheral: Intel Corporation Sky Lake-E M3KTI Registers (rev 07)
5d:12.4 Performance counters: Intel Corporation Sky Lake-E M3KTI Registers (rev 07)
5d:12.5 Performance counters: Intel Corporation Sky Lake-E M3KTI Registers (rev 07)
5d:15.0 System peripheral: Intel Corporation Sky Lake-E M2PCI Registers (rev 07)
5d:15.1 Performance counters: Intel Corporation Device 2088 (rev 07)
5d:16.0 System peripheral: Intel Corporation Sky Lake-E M2PCI Registers (rev 07)
5d:16.1 Performance counters: Intel Corporation Device 2088 (rev 07)
5d:16.4 System peripheral: Intel Corporation Sky Lake-E M2PCI Registers (rev 07)
5d:16.5 Performance counters: Intel Corporation Device 2088 (rev 07)
5d:17.0 System peripheral: Intel Corporation Sky Lake-E M2PCI Registers (rev 07)
5d:17.1 Performance counters: Intel Corporation Device 2088 (rev 07)
5e:00.0 Non-Volatile memory controller: Micron Technology Inc 9200 MAX NVMe SSD (rev 02)
80:00.0 PCI bridge: Intel Corporation Sky Lake-E PCI Express Root Port A (rev 07)
80:04.0 System peripheral: Intel Corporation Sky Lake-E CBDMA Registers (rev 07)
80:04.1 System peripheral: Intel Corporation Sky Lake-E CBDMA Registers (rev 07)
80:04.2 System peripheral: Intel Corporation Sky Lake-E CBDMA Registers (rev 07)
80:04.3 System peripheral: Intel Corporation Sky Lake-E CBDMA Registers (rev 07)
80:04.4 System peripheral: Intel Corporation Sky Lake-E CBDMA Registers (rev 07)
80:04.5 System peripheral: Intel Corporation Sky Lake-E CBDMA Registers (rev 07)
80:04.6 System peripheral: Intel Corporation Sky Lake-E CBDMA Registers (rev 07)
80:04.7 System peripheral: Intel Corporation Sky Lake-E CBDMA Registers (rev 07)
80:05.0 System peripheral: Intel Corporation Sky Lake-E MM/Vt-d Configuration Registers (rev 07)
80:05.2 System peripheral: Intel Corporation Device 2025 (rev 07)
80:05.4 PIC: Intel Corporation Device 2026 (rev 07)
80:08.0 System peripheral: Intel Corporation Sky Lake-E Ubox Registers (rev 07)
80:08.1 Performance counters: Intel Corporation Sky Lake-E Ubox Registers (rev 07)
80:08.2 System peripheral: Intel Corporation Sky Lake-E Ubox Registers (rev 07)
81:00.0 Ethernet controller: Intel Corporation Ethernet Controller 10-Gigabit X540-AT2 (rev 01)
81:00.1 Ethernet controller: Intel Corporation Ethernet Controller 10-Gigabit X540-AT2 (rev 01)
85:00.0 PCI bridge: Intel Corporation Sky Lake-E PCI Express Root Port A (rev 07)
85:05.0 System peripheral: Intel Corporation Device 2034 (rev 07)
85:05.2 System peripheral: Intel Corporation Sky Lake-E RAS Configuration Registers (rev 07)
85:05.4 PIC: Intel Corporation Device 2036 (rev 07)
85:08.0 System peripheral: Intel Corporation Sky Lake-E CHA Registers (rev 07)
85:08.1 System peripheral: Intel Corporation Sky Lake-E CHA Registers (rev 07)
85:08.2 System peripheral: Intel Corporation Sky Lake-E CHA Registers (rev 07)
85:08.3 System peripheral: Intel Corporation Sky Lake-E CHA Registers (rev 07)
85:08.4 System peripheral: Intel Corporation Sky Lake-E CHA Registers (rev 07)
85:08.5 System peripheral: Intel Corporation Sky Lake-E CHA Registers (rev 07)
85:08.6 System peripheral: Intel Corporation Sky Lake-E CHA Registers (rev 07)
85:08.7 System peripheral: Intel Corporation Sky Lake-E CHA Registers (rev 07)
85:09.0 System peripheral: Intel Corporation Sky Lake-E CHA Registers (rev 07)
85:09.1 System peripheral: Intel Corporation Sky Lake-E CHA Registers (rev 07)
85:09.2 System peripheral: Intel Corporation Sky Lake-E CHA Registers (rev 07)
85:09.3 System peripheral: Intel Corporation Sky Lake-E CHA Registers (rev 07)
85:09.4 System peripheral: Intel Corporation Sky Lake-E CHA Registers (rev 07)
85:09.5 System peripheral: Intel Corporation Sky Lake-E CHA Registers (rev 07)
85:09.6 System peripheral: Intel Corporation Sky Lake-E CHA Registers (rev 07)
85:09.7 System peripheral: Intel Corporation Sky Lake-E CHA Registers (rev 07)
85:0a.0 System peripheral: Intel Corporation Sky Lake-E CHA Registers (rev 07)
85:0a.1 System peripheral: Intel Corporation Sky Lake-E CHA Registers (rev 07)
85:0a.2 System peripheral: Intel Corporation Sky Lake-E CHA Registers (rev 07)
85:0a.3 System peripheral: Intel Corporation Sky Lake-E CHA Registers (rev 07)
85:0a.4 System peripheral: Intel Corporation Sky Lake-E CHA Registers (rev 07)
85:0a.5 System peripheral: Intel Corporation Sky Lake-E CHA Registers (rev 07)
85:0a.6 System peripheral: Intel Corporation Sky Lake-E CHA Registers (rev 07)
85:0a.7 System peripheral: Intel Corporation Sky Lake-E CHA Registers (rev 07)
85:0b.0 System peripheral: Intel Corporation Sky Lake-E CHA Registers (rev 07)
85:0b.1 System peripheral: Intel Corporation Sky Lake-E CHA Registers (rev 07)
85:0b.2 System peripheral: Intel Corporation Sky Lake-E CHA Registers (rev 07)
85:0b.3 System peripheral: Intel Corporation Sky Lake-E CHA Registers (rev 07)
85:0e.0 System peripheral: Intel Corporation Sky Lake-E CHA Registers (rev 07)
85:0e.1 System peripheral: Intel Corporation Sky Lake-E CHA Registers (rev 07)
85:0e.2 System peripheral: Intel Corporation Sky Lake-E CHA Registers (rev 07)
85:0e.3 System peripheral: Intel Corporation Sky Lake-E CHA Registers (rev 07)
85:0e.4 System peripheral: Intel Corporation Sky Lake-E CHA Registers (rev 07)
85:0e.5 System peripheral: Intel Corporation Sky Lake-E CHA Registers (rev 07)
85:0e.6 System peripheral: Intel Corporation Sky Lake-E CHA Registers (rev 07)
85:0e.7 System peripheral: Intel Corporation Sky Lake-E CHA Registers (rev 07)
85:0f.0 System peripheral: Intel Corporation Sky Lake-E CHA Registers (rev 07)
85:0f.1 System peripheral: Intel Corporation Sky Lake-E CHA Registers (rev 07)
85:0f.2 System peripheral: Intel Corporation Sky Lake-E CHA Registers (rev 07)
85:0f.3 System peripheral: Intel Corporation Sky Lake-E CHA Registers (rev 07)
85:0f.4 System peripheral: Intel Corporation Sky Lake-E CHA Registers (rev 07)
85:0f.5 System peripheral: Intel Corporation Sky Lake-E CHA Registers (rev 07)
85:0f.6 System peripheral: Intel Corporation Sky Lake-E CHA Registers (rev 07)
85:0f.7 System peripheral: Intel Corporation Sky Lake-E CHA Registers (rev 07)
85:10.0 System peripheral: Intel Corporation Sky Lake-E CHA Registers (rev 07)
85:10.1 System peripheral: Intel Corporation Sky Lake-E CHA Registers (rev 07)
85:10.2 System peripheral: Intel Corporation Sky Lake-E CHA Registers (rev 07)
85:10.3 System peripheral: Intel Corporation Sky Lake-E CHA Registers (rev 07)
85:10.4 System peripheral: Intel Corporation Sky Lake-E CHA Registers (rev 07)
85:10.5 System peripheral: Intel Corporation Sky Lake-E CHA Registers (rev 07)
85:10.6 System peripheral: Intel Corporation Sky Lake-E CHA Registers (rev 07)
85:10.7 System peripheral: Intel Corporation Sky Lake-E CHA Registers (rev 07)
85:11.0 System peripheral: Intel Corporation Sky Lake-E CHA Registers (rev 07)
85:11.1 System peripheral: Intel Corporation Sky Lake-E CHA Registers (rev 07)
85:11.2 System peripheral: Intel Corporation Sky Lake-E CHA Registers (rev 07)
85:11.3 System peripheral: Intel Corporation Sky Lake-E CHA Registers (rev 07)
85:1d.0 System peripheral: Intel Corporation Sky Lake-E CHA Registers (rev 07)
85:1d.1 System peripheral: Intel Corporation Sky Lake-E CHA Registers (rev 07)
85:1d.2 System peripheral: Intel Corporation Sky Lake-E CHA Registers (rev 07)
85:1d.3 System peripheral: Intel Corporation Sky Lake-E CHA Registers (rev 07)
85:1e.0 System peripheral: Intel Corporation Sky Lake-E PCU Registers (rev 07)
85:1e.1 System peripheral: Intel Corporation Sky Lake-E PCU Registers (rev 07)
85:1e.2 System peripheral: Intel Corporation Sky Lake-E PCU Registers (rev 07)
85:1e.3 System peripheral: Intel Corporation Sky Lake-E PCU Registers (rev 07)
85:1e.4 System peripheral: Intel Corporation Sky Lake-E PCU Registers (rev 07)
85:1e.5 System peripheral: Intel Corporation Sky Lake-E PCU Registers (rev 07)
85:1e.6 System peripheral: Intel Corporation Sky Lake-E PCU Registers (rev 07)
86:00.0 PCI bridge: PLX Technology, Inc. Device 9765 (rev aa)
87:04.0 PCI bridge: PLX Technology, Inc. Device 9765 (rev aa)
87:08.0 PCI bridge: PLX Technology, Inc. Device 9765 (rev aa)
87:0c.0 PCI bridge: PLX Technology, Inc. Device 9765 (rev aa)
88:00.0 3D controller: NVIDIA Corporation GV100GL [Tesla V100 SXM2 32GB] (rev a1)
89:00.0 3D controller: NVIDIA Corporation GV100GL [Tesla V100 SXM2 32GB] (rev a1)
8a:00.0 Ethernet controller: Mellanox Technologies MT27700 Family [ConnectX-4]
8a:00.1 Ethernet controller: Mellanox Technologies MT27700 Family [ConnectX-4]
8a:00.2 Ethernet controller: Mellanox Technologies MT27700 Family [ConnectX-4 Virtual Function]
8a:00.3 Ethernet controller: Mellanox Technologies MT27700 Family [ConnectX-4 Virtual Function]
8a:00.4 Ethernet controller: Mellanox Technologies MT27700 Family [ConnectX-4 Virtual Function]
8a:00.5 Ethernet controller: Mellanox Technologies MT27700 Family [ConnectX-4 Virtual Function]
8a:00.6 Ethernet controller: Mellanox Technologies MT27700 Family [ConnectX-4 Virtual Function]
8a:00.7 Ethernet controller: Mellanox Technologies MT27700 Family [ConnectX-4 Virtual Function]
8a:01.0 Ethernet controller: Mellanox Technologies MT27700 Family [ConnectX-4 Virtual Function]
8a:01.1 Ethernet controller: Mellanox Technologies MT27700 Family [ConnectX-4 Virtual Function]
8a:01.2 Ethernet controller: Mellanox Technologies MT27700 Family [ConnectX-4 Virtual Function]
8a:01.3 Ethernet controller: Mellanox Technologies MT27700 Family [ConnectX-4 Virtual Function]
8a:01.4 Ethernet controller: Mellanox Technologies MT27700 Family [ConnectX-4 Virtual Function]
8a:01.5 Ethernet controller: Mellanox Technologies MT27700 Family [ConnectX-4 Virtual Function]
8a:01.6 Ethernet controller: Mellanox Technologies MT27700 Family [ConnectX-4 Virtual Function]
8a:01.7 Ethernet controller: Mellanox Technologies MT27700 Family [ConnectX-4 Virtual Function]
8a:02.0 Ethernet controller: Mellanox Technologies MT27700 Family [ConnectX-4 Virtual Function]
8a:02.1 Ethernet controller: Mellanox Technologies MT27700 Family [ConnectX-4 Virtual Function]
ae:00.0 PCI bridge: Intel Corporation Sky Lake-E PCI Express Root Port A (rev 07)
ae:05.0 System peripheral: Intel Corporation Device 2034 (rev 07)
ae:05.2 System peripheral: Intel Corporation Sky Lake-E RAS Configuration Registers (rev 07)
ae:05.4 PIC: Intel Corporation Device 2036 (rev 07)
ae:08.0 System peripheral: Intel Corporation Device 2066 (rev 07)
ae:09.0 System peripheral: Intel Corporation Device 2066 (rev 07)
ae:0a.0 System peripheral: Intel Corporation Device 2040 (rev 07)
ae:0a.1 System peripheral: Intel Corporation Device 2041 (rev 07)
ae:0a.2 System peripheral: Intel Corporation Device 2042 (rev 07)
ae:0a.3 System peripheral: Intel Corporation Device 2043 (rev 07)
ae:0a.4 System peripheral: Intel Corporation Device 2044 (rev 07)
ae:0a.5 System peripheral: Intel Corporation Device 2045 (rev 07)
ae:0a.6 System peripheral: Intel Corporation Device 2046 (rev 07)
ae:0a.7 System peripheral: Intel Corporation Device 2047 (rev 07)
ae:0b.0 System peripheral: Intel Corporation Device 2048 (rev 07)
ae:0b.1 System peripheral: Intel Corporation Device 2049 (rev 07)
ae:0b.2 System peripheral: Intel Corporation Device 204a (rev 07)
ae:0b.3 System peripheral: Intel Corporation Device 204b (rev 07)
ae:0c.0 System peripheral: Intel Corporation Device 2040 (rev 07)
ae:0c.1 System peripheral: Intel Corporation Device 2041 (rev 07)
ae:0c.2 System peripheral: Intel Corporation Device 2042 (rev 07)
ae:0c.3 System peripheral: Intel Corporation Device 2043 (rev 07)
ae:0c.4 System peripheral: Intel Corporation Device 2044 (rev 07)
ae:0c.5 System peripheral: Intel Corporation Device 2045 (rev 07)
ae:0c.6 System peripheral: Intel Corporation Device 2046 (rev 07)
ae:0c.7 System peripheral: Intel Corporation Device 2047 (rev 07)
ae:0d.0 System peripheral: Intel Corporation Device 2048 (rev 07)
ae:0d.1 System peripheral: Intel Corporation Device 2049 (rev 07)
ae:0d.2 System peripheral: Intel Corporation Device 204a (rev 07)
ae:0d.3 System peripheral: Intel Corporation Device 204b (rev 07)
af:00.0 PCI bridge: PLX Technology, Inc. Device 9765 (rev aa)
b0:04.0 PCI bridge: PLX Technology, Inc. Device 9765 (rev aa)
b0:08.0 PCI bridge: PLX Technology, Inc. Device 9765 (rev aa)
b0:0c.0 PCI bridge: PLX Technology, Inc. Device 9765 (rev aa)
b1:00.0 Ethernet controller: Mellanox Technologies MT27700 Family [ConnectX-4]
b1:00.1 Ethernet controller: Mellanox Technologies MT27700 Family [ConnectX-4]
b1:00.2 Ethernet controller: Mellanox Technologies MT27700 Family [ConnectX-4 Virtual Function]
b1:00.3 Ethernet controller: Mellanox Technologies MT27700 Family [ConnectX-4 Virtual Function]
b1:00.4 Ethernet controller: Mellanox Technologies MT27700 Family [ConnectX-4 Virtual Function]
b1:00.5 Ethernet controller: Mellanox Technologies MT27700 Family [ConnectX-4 Virtual Function]
b1:00.6 Ethernet controller: Mellanox Technologies MT27700 Family [ConnectX-4 Virtual Function]
b1:00.7 Ethernet controller: Mellanox Technologies MT27700 Family [ConnectX-4 Virtual Function]
b1:01.0 Ethernet controller: Mellanox Technologies MT27700 Family [ConnectX-4 Virtual Function]
b1:01.1 Ethernet controller: Mellanox Technologies MT27700 Family [ConnectX-4 Virtual Function]
b1:01.2 Ethernet controller: Mellanox Technologies MT27700 Family [ConnectX-4 Virtual Function]
b1:01.3 Ethernet controller: Mellanox Technologies MT27700 Family [ConnectX-4 Virtual Function]
b1:01.4 Ethernet controller: Mellanox Technologies MT27700 Family [ConnectX-4 Virtual Function]
b1:01.5 Ethernet controller: Mellanox Technologies MT27700 Family [ConnectX-4 Virtual Function]
b1:01.6 Ethernet controller: Mellanox Technologies MT27700 Family [ConnectX-4 Virtual Function]
b1:01.7 Ethernet controller: Mellanox Technologies MT27700 Family [ConnectX-4 Virtual Function]
b1:02.0 Ethernet controller: Mellanox Technologies MT27700 Family [ConnectX-4 Virtual Function]
b1:02.1 Ethernet controller: Mellanox Technologies MT27700 Family [ConnectX-4 Virtual Function]
b2:00.0 3D controller: NVIDIA Corporation GV100GL [Tesla V100 SXM2 32GB] (rev a1)
b3:00.0 3D controller: NVIDIA Corporation GV100GL [Tesla V100 SXM2 32GB] (rev a1)
d7:00.0 PCI bridge: Intel Corporation Sky Lake-E PCI Express Root Port A (rev 07)
d7:05.0 System peripheral: Intel Corporation Device 2034 (rev 07)
d7:05.2 System peripheral: Intel Corporation Sky Lake-E RAS Configuration Registers (rev 07)
d7:05.4 PIC: Intel Corporation Device 2036 (rev 07)
d7:0e.0 Performance counters: Intel Corporation Device 2058 (rev 07)
d7:0e.1 System peripheral: Intel Corporation Device 2059 (rev 07)
d7:0f.0 Performance counters: Intel Corporation Device 2058 (rev 07)
d7:0f.1 System peripheral: Intel Corporation Device 2059 (rev 07)
d7:10.0 Performance counters: Intel Corporation Device 2058 (rev 07)
d7:10.1 System peripheral: Intel Corporation Device 2059 (rev 07)
d7:12.0 Performance counters: Intel Corporation Sky Lake-E M3KTI Registers (rev 07)
d7:12.1 Performance counters: Intel Corporation Sky Lake-E M3KTI Registers (rev 07)
d7:12.2 System peripheral: Intel Corporation Sky Lake-E M3KTI Registers (rev 07)
d7:12.4 Performance counters: Intel Corporation Sky Lake-E M3KTI Registers (rev 07)
d7:12.5 Performance counters: Intel Corporation Sky Lake-E M3KTI Registers (rev 07)
d7:15.0 System peripheral: Intel Corporation Sky Lake-E M2PCI Registers (rev 07)
d7:15.1 Performance counters: Intel Corporation Device 2088 (rev 07)
d7:16.0 System peripheral: Intel Corporation Sky Lake-E M2PCI Registers (rev 07)
d7:16.1 Performance counters: Intel Corporation Device 2088 (rev 07)
d7:16.4 System peripheral: Intel Corporation Sky Lake-E M2PCI Registers (rev 07)
d7:16.5 Performance counters: Intel Corporation Device 2088 (rev 07)
d7:17.0 System peripheral: Intel Corporation Sky Lake-E M2PCI Registers (rev 07)
d7:17.1 Performance counters: Intel Corporation Device 2088 (rev 07)
+ pip freeze
alembic==1.2.1
apex==0.1
boto3==1.12.5
botocore==1.15.5
cached-property==1.5.1
certifi==2019.11.28
cffi==1.13.2
chainer==6.2.0
chainer-chemistry==0.5.0
chainercv==0.13.1
chainerio==0.0.5
chainerrl==0.7.0
chainerui==0.9.0
chardet==3.0.4
Click==7.0
cloudpickle==1.2.2
cupy==6.2.0
cycler==0.10.0
dataclasses==0.7
docutils==0.15.2
fastrlock==0.4
filelock==3.0.12
Flask==1.1.1
future==0.17.1
gevent==1.4.0
greenlet==0.4.15
gym==0.14.0
h5py==2.10.0
horovod==0.18.2
html2text==2020.1.16
idna==2.9
itsdangerous==1.1.0
Jinja2==2.10.3
jmespath==0.9.4
joblib==0.14.0
kiwisolver==1.1.0
krbticket==0.0.1.3
Mako==1.1.0
MarkupSafe==1.1.1
matplotlib==3.1.1
mpi4py==3.0.2
msgpack==0.6.2
nltk==3.4.5
numpy==1.17.2
pandas==0.25.1
Pillow==6.2.0
progressbar==2.5
protobuf==3.7.1
psutil==5.6.5
pyarrow==0.15.0
pycparser==2.19
pyglet==1.3.2
pyparsing==2.4.2
python-dateutil==2.8.0
python-editor==1.0.4
pytz==2019.3
PyYAML==5.1.2
requests==2.23.0
s3transfer==0.3.3
scikit-learn==0.21.3
scipy==1.3.1
six==1.12.0
SQLAlchemy==1.3.9
structlog==19.1.0
torch==1.3.1
torchvision==0.4.2
tqdm==4.36.1
typing==3.6.6
typing-extensions==3.6.6
urllib3==1.25.8
Werkzeug==0.16.0
+ python --version
Python 3.6.8
